<?xml version="1.0" encoding="UTF-8"?>
<!-- Generated by org.testng.reporters.JUnitXMLReporter -->
<testsuite ignored="0" hostname="DESKTOP-HPR4ORJ" failures="1" tests="1" name="Surefire test" time="143.523" errors="0" timestamp="2024-08-20T11:04:55 IST">
  <testcase classname="io.cucumber.testng.AbstractTestNGCucumberTests" name="runScenario" time="141.076">
    <failure type="java.lang.AssertionError" message="expected [A page with the title &amp;apos;Testing Edit Page FUnctionality in Confluence_001&amp;apos; already exists in this space. Enter a different title for your page.] but found [A new page you were adding on Aug 10, 2024 called ‘Copy of Atlassian Vul 1 Smoke ....... Vulnerability’ was saved as a draft. Do you want to resume editing or discard it?]">
      <![CDATA[java.lang.AssertionError: expected [A page with the title 'Testing Edit Page FUnctionality in Confluence_001' already exists in this space. Enter a different title for your page.] but found [A new page you were adding on Aug 10, 2024 called ‘Copy of Atlassian Vul 1 Smoke ....... Vulnerability’ was saved as a draft. Do you want to resume editing or discard it?]
at pageObjects.AtlassianObjects.duplicatepagedescription(AtlassianObjects.java:148)
at stepDefinitions.AtlassianSmokeTest_stepDefinitions.AtlassianSmoke_AfterPageCreation(AtlassianSmokeTest_stepDefinitions.java:67)
at ✽.User should be able to perform Page Updates(file:///C:/Users/sai.kompella/OneDrive%20-%20Cotiviti/Desktop/GSR-Complete%20Flow/ConfluenceJira_SmokeTests/src/test/java/features/AtlassianSmoke.feature:8)
... Removed 6 stack frames]]>
    </failure>
  </testcase> <!-- runScenario -->
</testsuite> <!-- Surefire test -->
